


ARM Macro Assembler    Page 1 


    1 00000000                 AREA             code,CODE,readonly
    2 00000000         
    3 00000000                 IMPORT           curTask
    4 00000000                 IMPORT           nextTask
    5 00000000                 IMPORT           idleStack
    6 00000000         
    7 00000000                 EXPORT           svcHandler
    8 00000000                 EXPORT           cpuExitPriv
    9 00000000                 EXPORT           asm_cpsie
   10 00000000                 EXPORT           asm_cpsid
   11 00000000         
   12 00000000                 EXPORT           PendSV_Handler
   13 00000000                 EXPORT           SVC_Handler
   14 00000000         
   15 00000000         svcHandler
                               PROC
   16 00000000 4924            LDR              R1,=svcList
   17 00000002 2802            CMP              R0,#2
   18 00000004 BFB4            ITE              LT
   19 00000006 EB01 0140       ADDLT            R1,R1,R0,LSL#1
   20 0000000A 4923            LDRGE            R1,=svcEnd
   21 0000000C 4708            BX               R1
   22 0000000E         
   23 0000000E         svcList
   24 0000000E E000            B                svc0
   25 00000010 E001            B                svc1
   26 00000012         svc0
   27 00000012 DF00            SVC              0
   28 00000014 E001            B                svcEnd
   29 00000016         svc1
   30 00000016 DF01            SVC              1
   31 00000018 E7FF            B                svcEnd
   32 0000001A         svcEnd
   33 0000001A 4770            BX               LR
   34 0000001C                 ENDP
   35 0000001C         
   36 0000001C         cpuExitPriv
                               PROC
   37 0000001C F3EF 8014       MRS              R0,CONTROL
   38 00000020 F040 0001       ORR              R0,R0,#0x1  ;set CONTROL[0]
   39 00000024 F380 8814       MSR              CONTROL,R0
   40 00000028                 ENDP
   41 00000028         
   42 00000028         asm_cpsie
   43 00000028 B662            CPSIE            I
   44 0000002A 4770            BX               LR
   45 0000002C         
   46 0000002C         asm_cpsid
   47 0000002C B672            CPSID            I
   48 0000002E 4770            BX               LR
   49 00000030         
   50 00000030         PendSV_Handler
                               PROC
   51 00000030 B672            CPSID            I
   52 00000032         
   53 00000032 4A1A            LDR              R2,=curTask ;R2 <- address of a
                                                            ddress of current t
                                                            ask TCB 
   54 00000034 6810            LDR              R0,[R2]     ;R0 <- address of c



ARM Macro Assembler    Page 2 


                                                            urrent task TCB
   55 00000036         
   56 00000036         ;store task
   57 00000036 F3EF 8109       MRS              R1,PSP
   58 0000003A E921 0FF0       STMDB            R1!,{R4-R11}
   59 0000003E 6001            STR              R1,[R0]     ;stack top of curre
                                                            nt task TCB<- R1,R1
                                                             is stack top of cu
                                                            rrent task
   60 00000040         
   61 00000040         ;load task
   62 00000040 4817            LDR              R0,=nextTask ;R0 <- address of 
                                                            address of next tas
                                                            k TCB 
   63 00000042 6800            LDR              R0,[R0]     ;R0 <- address of n
                                                            ext task TCB   
   64 00000044 6010            STR              R0,[R2]     ;update current Tas
                                                            k pointer
   65 00000046 6800            LDR              R0,[R0]     ;R0 <- stack top
   66 00000048 E8B0 0FF0       LDMIA            R0!,{R4-R11}
   67 0000004C F380 8809       MSR              PSP,R0
   68 00000050         
   69 00000050         ;return
   70 00000050 F04E 0E04       ORR              LR,LR,#0x04 ;use psp
   71 00000054 B662            CPSIE            I
   72 00000056 4770            BX               LR          ;åœ¨å¼‚å¸¸è¿‡ç¨‹ä¸­
                                                            ï¼ŒLRæ˜¯ä¸€ä¸ªç‰¹æ®
                                                            Šçš„å€¼ã€‚åœ¨CM3ä¸­
                                                            éƒ½æ˜¯ThumbçŠ¶æ€æ‰
                                                            €ä»¥æœ€ä½Žä½å›ºå®š
                                                            ä¸º1ã€‚handleræ¨¡å¼
                                                            ä¸èƒ½ä½¿ç”¨PSP,å›
                                                             æ­¤0xFFFFFFF5æ˜¯é
                                                            žæ³•å€¼ã€‚
   73 00000058         ;å¦‚æžœåœ¨ä¸€ä¸ªå¼‚å¸¸è¿‡ç¨‹ä¸­åµŒå¥—ä¸€ä¸ªå¼‚å¸¸è¿‡ç¨‹ï
                       ¼Œè¿”å›žçš„æ—¶å€™ï¼Œä¸å¯ä»¥é€šè¿‡ORR LR,LR,#0x04å¼ºåˆ¶
                       ä½¿è¿”å›žä½¿ç”¨pspï¼Œ
   74 00000058         ;å› ä¸ºè¿”å›žæ˜¯handleræ¨¡å¼ï¼ŒLRä¹Ÿå°±æ˜¯0xFFFFFFF5ï¼Œ
                       è¿™æ ·åšä¼šå¯¼è‡´ä¸€ä¸ªUsageFaultã€‚     
   75 00000058                 ENDP
   76 00000058         
   77 00000058         SVC_Handler
                               PROC
   78 00000058 F01E 0F04       TST              LR,#0x4
   79 0000005C BF0C            ITE              EQ
   80 0000005E F3EF 8008       MRSEQ            R0,MSP      ;update flag zero b
                                                            y testing LR&#0x4,f
                                                            lag zero is high(tr
                                                            ue) 
   81 00000062 F3EF 8009       MRSNE            R0,PSP      ;update flag zero b
                                                            y testing LR&#0x4,f
                                                            lag zero is low(fal
                                                            se)
   82 00000066         
   83 00000066 6980            LDR              R0, [R0,#24] ;6*4 = 24 åç§»6ä
                                                            ¸ªå¯„å­˜å™¨çš„é•¿åº
                                                            ¦
   84 00000068 F810 0C02       LDRB             R0, [R0,#-2] ;R0æŒ‡å‘SVCæŒ‡ä»¤
                                                            çš„ä¸‹ä¸€æ¡æŒ‡ä»¤ï



ARM Macro Assembler    Page 3 


                                                            ¼Œæ‰€ä»¥è¦R0å‡åŽ»
                                                            ä¸€ä¸ªå€¼æ¥æŒ‡å‘S
                                                            VCæŒ‡ä»¤ã€‚CM3ä½¿ç”
                                                            ¨å°ç«¯å­˜å‚¨ï¼Œæ•…
                                                            SVCæŒ‡ä»¤çš„ç«‹å³æ
                                                            •°åœ¨ä½Žåœ°å€ï¼Œæ•
                                                            …å‡2è€Œä¸æ˜¯å‡1ã
                                                            €‚è¯»å–çš„æ˜¯ä¸€ä¸
                                                            ªå­—èŠ‚ç«‹å³æ•°ã€‚
                                                            
   85 0000006C         
   86 0000006C B930            CBNZ             R0, svcHandler1
   87 0000006E         ;svcHandler0:CPU ENTER PRIV
   88 0000006E F3EF 8114       MRS              R1,CONTROL
   89 00000072 F021 0101       BIC              R1,R1,#0x1  ;clear CONTROL[0]
   90 00000076 F381 8814       MSR              CONTROL,R1
   91 0000007A E005            B                svcHandlerEnd
   92 0000007C         
   93 0000007C         svcHandler1
   94 0000007C 2801            CMP              R0,#1
   95 0000007E D103            BNE              svcHandlerEnd
   96 00000080 B500            PUSH             {LR}
   97 00000082 F7FF FFFE       BL               registerInit
   98 00000086 E7FF            B                svcHandlerEnd
   99 00000088         
  100 00000088         svcHandlerEnd
  101 00000088 BD00            POP              {PC}
  102 0000008A                 ENDP
  103 0000008A         
  104 0000008A         
  105 0000008A         registerInit
                               PROC
  106 0000008A 4806            LDR              R0,=idleStack
  107 0000008C F380 8809       MSR              PSP,R0      ;åˆå§‹åŒ–PSPä¸ºç©º
                                                            é—²ä»»åŠ¡æ ˆ
  108 00000090 4770            BX               LR
  109 00000092                 ENDP
  110 00000092         
  111 00000092 BF00            nop
  112 00000094                 END
              00000000 
              00000000 
              00000000 
              00000000 
              00000000 
Command Line: --debug --xref --diag_suppress=9931 --cpu=Cortex-M3 --apcs=interw
ork --depend=.\out\releaseinflash\cpu_1.d -o.\out\releaseinflash\cpu_1.o -ID:\K
eil_v5\ARM\RV31\INC -ID:\Keil_v5\ARM\CMSIS\Include -ID:\Keil_v5\ARM\Inc\NXP\LPC
17xx --predefine="__UVISION_VERSION SETA 515" --list=.\cpu.lst USER_CODE\cpu\cp
u.s



ARM Macro Assembler    Page 1 Alphabetic symbol ordering
Relocatable symbols

PendSV_Handler 00000030

Symbol: PendSV_Handler
   Definitions
      At line 50 in file USER_CODE\cpu\cpu.s
   Uses
      At line 12 in file USER_CODE\cpu\cpu.s
Comment: PendSV_Handler used once
SVC_Handler 00000058

Symbol: SVC_Handler
   Definitions
      At line 77 in file USER_CODE\cpu\cpu.s
   Uses
      At line 13 in file USER_CODE\cpu\cpu.s
Comment: SVC_Handler used once
asm_cpsid 0000002C

Symbol: asm_cpsid
   Definitions
      At line 46 in file USER_CODE\cpu\cpu.s
   Uses
      At line 10 in file USER_CODE\cpu\cpu.s
Comment: asm_cpsid used once
asm_cpsie 00000028

Symbol: asm_cpsie
   Definitions
      At line 42 in file USER_CODE\cpu\cpu.s
   Uses
      At line 9 in file USER_CODE\cpu\cpu.s
Comment: asm_cpsie used once
code 00000000

Symbol: code
   Definitions
      At line 1 in file USER_CODE\cpu\cpu.s
   Uses
      None
Comment: code unused
cpuExitPriv 0000001C

Symbol: cpuExitPriv
   Definitions
      At line 36 in file USER_CODE\cpu\cpu.s
   Uses
      At line 8 in file USER_CODE\cpu\cpu.s
Comment: cpuExitPriv used once
registerInit 0000008A

Symbol: registerInit
   Definitions
      At line 105 in file USER_CODE\cpu\cpu.s
   Uses
      At line 97 in file USER_CODE\cpu\cpu.s
Comment: registerInit used once
svc0 00000012

Symbol: svc0



ARM Macro Assembler    Page 2 Alphabetic symbol ordering
Relocatable symbols

   Definitions
      At line 26 in file USER_CODE\cpu\cpu.s
   Uses
      At line 24 in file USER_CODE\cpu\cpu.s
Comment: svc0 used once
svc1 00000016

Symbol: svc1
   Definitions
      At line 29 in file USER_CODE\cpu\cpu.s
   Uses
      At line 25 in file USER_CODE\cpu\cpu.s
Comment: svc1 used once
svcEnd 0000001A

Symbol: svcEnd
   Definitions
      At line 32 in file USER_CODE\cpu\cpu.s
   Uses
      At line 20 in file USER_CODE\cpu\cpu.s
      At line 28 in file USER_CODE\cpu\cpu.s
      At line 31 in file USER_CODE\cpu\cpu.s

svcHandler 00000000

Symbol: svcHandler
   Definitions
      At line 15 in file USER_CODE\cpu\cpu.s
   Uses
      At line 7 in file USER_CODE\cpu\cpu.s
Comment: svcHandler used once
svcHandler1 0000007C

Symbol: svcHandler1
   Definitions
      At line 93 in file USER_CODE\cpu\cpu.s
   Uses
      At line 86 in file USER_CODE\cpu\cpu.s
Comment: svcHandler1 used once
svcHandlerEnd 00000088

Symbol: svcHandlerEnd
   Definitions
      At line 100 in file USER_CODE\cpu\cpu.s
   Uses
      At line 91 in file USER_CODE\cpu\cpu.s
      At line 95 in file USER_CODE\cpu\cpu.s
      At line 98 in file USER_CODE\cpu\cpu.s

svcList 0000000E

Symbol: svcList
   Definitions
      At line 23 in file USER_CODE\cpu\cpu.s
   Uses
      At line 16 in file USER_CODE\cpu\cpu.s
Comment: svcList used once
14 symbols



ARM Macro Assembler    Page 1 Alphabetic symbol ordering
External symbols

curTask 00000000

Symbol: curTask
   Definitions
      At line 3 in file USER_CODE\cpu\cpu.s
   Uses
      At line 53 in file USER_CODE\cpu\cpu.s
Comment: curTask used once
idleStack 00000000

Symbol: idleStack
   Definitions
      At line 5 in file USER_CODE\cpu\cpu.s
   Uses
      At line 106 in file USER_CODE\cpu\cpu.s
Comment: idleStack used once
nextTask 00000000

Symbol: nextTask
   Definitions
      At line 4 in file USER_CODE\cpu\cpu.s
   Uses
      At line 62 in file USER_CODE\cpu\cpu.s
Comment: nextTask used once
3 symbols
350 symbols in table
